<?xml version="1.0" encoding="UTF-8"?>
<Site BuildName="(empty)"
	BuildStamp="20241021-1044-Experimental"
	Name="(empty)"
	Generator="ctest-3.28.0-rc3"
	CompilerName=""
	CompilerVersion=""
	OSName="Windows"
	Hostname="DESKTOP-FB3FF6S"
	OSRelease=" Professional"
	OSVersion=" (Build 19044)"
	OSPlatform="AMD64"
	Is64Bits="1"
	VendorString="GenuineIntel"
	VendorID="Intel Corporation"
	FamilyID="6"
	ModelID="14"
	ProcessorCacheSize="-1"
	NumberOfLogicalCPU="12"
	NumberOfPhysicalCPU="6"
	TotalVirtualMemory="17326"
	TotalPhysicalMemory="16302"
	LogicalProcessorsPerPhysical="2"
	ProcessorClockFrequency="3492"
	>
	<Testing>
		<StartDateTime>Oct 21 21:15 RTZ 4 ([NON-UTF-8-BYTE-0xE7][NON-UTF-8-BYTE-0xE8][NON-UTF-8-BYTE-0xEC][NON-UTF-8-BYTE-0xE0])</StartDateTime>
		<StartTestTime>1729527308</StartTestTime>
		<TestList>
			<Test>./TestCaseSearchServer.TestTop5</Test>
		</TestList>
		<Test Status="passed">
			<Name>TestCaseSearchServer.TestTop5</Name>
			<Path>.</Path>
			<FullName>./TestCaseSearchServer.TestTop5</FullName>
			<FullCommandLine>C:\Users\Xeon\Documents\search_engine\build\mytest.exe "--gtest_filter=TestCaseSearchServer.TestTop5" "--gtest_also_run_disabled_tests"</FullCommandLine>
			<Results>
				<NamedMeasurement type="numeric/double" name="Execution Time">
					<Value>0.0116771</Value>
				</NamedMeasurement>
				<NamedMeasurement type="numeric/double" name="Processors">
					<Value>1</Value>
				</NamedMeasurement>
				<NamedMeasurement type="text/string" name="Completion Status">
					<Value>Completed</Value>
				</NamedMeasurement>
				<NamedMeasurement type="text/string" name="Command Line">
					<Value>C:\Users\Xeon\Documents\search_engine\build\mytest.exe "--gtest_filter=TestCaseSearchServer.TestTop5" "--gtest_also_run_disabled_tests"</Value>
				</NamedMeasurement>
				<NamedMeasurement type="text/string" name="Environment">
					<Value>#CTEST_RESOURCE_GROUP_COUNT=</Value>
				</NamedMeasurement>
				<Measurement>
					<Value encoding="base64" compression="gzip">eJyVUD1rwzAQ3fUrbowHGzJ0CWQoSckQSIudQMEyRpEvrkA+GUlO/34tOYSktKS96T7e3Xvv8oFIUQudUDRL4GRNB6sFPzi0jr+jIb42cuiQvOMOhZUfNVKrCPlxULrhdYO9460xrUaPzqfOypuSxzJkdWDIpGQ743EBmwiB/TiBk9IeLSxjtRIOi0hUoD2jzUJzb/onVi6vUUF+0T0HH08E3ZfcDcpjxsr0GhVstDkKPc2RzsoaCp7AoU+H/hv49uZPklgJ+WEHMapHoicYvG4fQWE2h84l/5MyLYE3XuiE/c2zH/fTxnzS/Ud/+yRYQdk9z2jq7bkoXtbB/4TN2Bf3I8Gj====</Value>
				</Measurement>
			</Results>
		</Test>
		<EndDateTime>Oct 21 21:15 RTZ 4 ([NON-UTF-8-BYTE-0xE7][NON-UTF-8-BYTE-0xE8][NON-UTF-8-BYTE-0xEC][NON-UTF-8-BYTE-0xE0])</EndDateTime>
		<EndTestTime>1729527308</EndTestTime>
		<ElapsedMinutes>0</ElapsedMinutes>
	</Testing>
</Site>
